app/build/intermediates/manifest_merge_blame_file/debug/manifest-merger-blame-debug-report.txt
1<?xml version="1.0" encoding="utf-8"?>
2<manifest xmlns:android="http://schemas.android.com/apk/res/android"
3    package="org.appd.base"
4    android:versionCode="1"
5    android:versionName="Beta 1.0.c" >
6
7    <uses-sdk
8        android:minSdkVersion="4"
8-->src/main/AndroidManifest.xml
9        android:targetSdkVersion="29" />
9-->src/main/AndroidManifest.xml
10
11    <uses-permission android:name="android.permission.ACCESS_LOCATION" />
11-->src/main/AndroidManifest.xml:9:5-74
11-->src/main/AndroidManifest.xml:9:22-71
12    <uses-permission android:name="android.permission.WRITE_EXTERNAL_STORAGE" />
12-->src/main/AndroidManifest.xml:10:5-80
12-->src/main/AndroidManifest.xml:10:22-78
13    <uses-permission android:name="android.permission.INTERNET" />
13-->src/main/AndroidManifest.xml:11:5-66
13-->src/main/AndroidManifest.xml:11:22-64
14
15    <application
15-->src/main/AndroidManifest.xml:13:5-81:19
16        android:allowBackup="true"
16-->src/main/AndroidManifest.xml:14:9-35
17        android:debuggable="true"
18        android:icon="@drawable/idempiere_logo"
18-->src/main/AndroidManifest.xml:15:9-48
19        android:label="@string/app_name"
19-->src/main/AndroidManifest.xml:16:9-41
20        android:networkSecurityConfig="@xml/network_security_config"
20-->src/main/AndroidManifest.xml:17:9-69
21        android:testOnly="true" >
22        <activity
22-->src/main/AndroidManifest.xml:20:9-28:20
23            android:name="org.appd.login.Login"
23-->src/main/AndroidManifest.xml:21:13-48
24            android:label="@string/app_name" >
24-->src/main/AndroidManifest.xml:22:13-45
25            <intent-filter>
25-->src/main/AndroidManifest.xml:23:13-27:29
26                <action android:name="android.intent.action.MAIN" />
26-->src/main/AndroidManifest.xml:24:17-69
26-->src/main/AndroidManifest.xml:24:25-66
27
28                <category android:name="android.intent.category.LAUNCHER" />
28-->src/main/AndroidManifest.xml:26:17-77
28-->src/main/AndroidManifest.xml:26:27-74
29            </intent-filter>
30        </activity>
31        <activity
31-->src/main/AndroidManifest.xml:29:9-136
32            android:name="org.appd.view.MV_Menu"
32-->src/main/AndroidManifest.xml:29:19-55
33            android:configChanges="orientation"
33-->src/main/AndroidManifest.xml:29:89-124
34            android:label="@string/app_name" />
34-->src/main/AndroidManifest.xml:29:56-88
35
36        <!-- Old Declarations -->
37        <activity
37-->src/main/AndroidManifest.xml:32:9-107
38            android:name="org.appd.view.MV_BPartner"
38-->src/main/AndroidManifest.xml:32:19-59
39            android:configChanges="orientation" />
39-->src/main/AndroidManifest.xml:32:60-95
40        <activity
40-->src/main/AndroidManifest.xml:33:9-38:20
41            android:name="org.appd.view.MV_ListRecord"
41-->src/main/AndroidManifest.xml:34:13-55
42            android:configChanges="orientation"
42-->src/main/AndroidManifest.xml:36:13-48
43            android:label="@string/app_name"
43-->src/main/AndroidManifest.xml:35:13-45
44            android:windowSoftInputMode="adjustPan|adjustResize" >
44-->src/main/AndroidManifest.xml:37:13-65
45        </activity>
46        <activity
46-->src/main/AndroidManifest.xml:39:9-141
47            android:name="org.appd.view.MTabActivity"
47-->src/main/AndroidManifest.xml:39:19-60
48            android:configChanges="orientation"
48-->src/main/AndroidManifest.xml:39:94-129
49            android:label="@string/app_name" />
49-->src/main/AndroidManifest.xml:39:61-93
50        <activity
50-->src/main/AndroidManifest.xml:40:9-140
51            android:name="org.appd.view.MT_BPartner"
51-->src/main/AndroidManifest.xml:40:19-59
52            android:configChanges="orientation"
52-->src/main/AndroidManifest.xml:40:93-128
53            android:label="@string/app_name" />
53-->src/main/AndroidManifest.xml:40:60-92
54        <activity
54-->src/main/AndroidManifest.xml:41:9-149
55            android:name="org.appd.view.MT_CustomerInventory"
55-->src/main/AndroidManifest.xml:41:19-68
56            android:configChanges="orientation"
56-->src/main/AndroidManifest.xml:41:102-137
57            android:label="@string/app_name" />
57-->src/main/AndroidManifest.xml:41:69-101
58        <activity
58-->src/main/AndroidManifest.xml:42:9-149
59            android:name="org.appd.view.MV_CustomerInventory"
59-->src/main/AndroidManifest.xml:42:19-68
60            android:configChanges="orientation"
60-->src/main/AndroidManifest.xml:42:102-137
61            android:label="@string/app_name" />
61-->src/main/AndroidManifest.xml:42:69-101
62        <activity
62-->src/main/AndroidManifest.xml:43:9-153
63            android:name="org.appd.view.MV_CustomerInventoryLine"
63-->src/main/AndroidManifest.xml:43:19-72
64            android:configChanges="orientation"
64-->src/main/AndroidManifest.xml:43:106-141
65            android:label="@string/app_name" />
65-->src/main/AndroidManifest.xml:43:73-105
66        <activity
66-->src/main/AndroidManifest.xml:44:9-145
67            android:name="org.appd.view.MV_CustomerOrder"
67-->src/main/AndroidManifest.xml:44:19-64
68            android:configChanges="orientation"
68-->src/main/AndroidManifest.xml:44:98-133
69            android:label="@string/app_name" />
69-->src/main/AndroidManifest.xml:44:65-97
70        <activity
70-->src/main/AndroidManifest.xml:45:9-149
71            android:name="org.appd.view.MV_CustomerOrderLine"
71-->src/main/AndroidManifest.xml:45:19-68
72            android:configChanges="orientation"
72-->src/main/AndroidManifest.xml:45:102-137
73            android:label="@string/app_name" />
73-->src/main/AndroidManifest.xml:45:69-101
74        <activity
74-->src/main/AndroidManifest.xml:46:9-145
75            android:name="org.appd.view.MT_CustomerOrder"
75-->src/main/AndroidManifest.xml:46:19-64
76            android:configChanges="orientation"
76-->src/main/AndroidManifest.xml:46:98-133
77            android:label="@string/app_name" />
77-->src/main/AndroidManifest.xml:46:65-97
78        <activity
78-->src/main/AndroidManifest.xml:47:9-52:20
79            android:name="org.appd.view.MV_ProductList"
79-->src/main/AndroidManifest.xml:48:13-56
80            android:configChanges="orientation"
80-->src/main/AndroidManifest.xml:51:13-48
81            android:label="@string/app_name"
81-->src/main/AndroidManifest.xml:49:13-45
82            android:windowSoftInputMode="adjustPan|adjustResize" >
82-->src/main/AndroidManifest.xml:50:13-65
83        </activity>
84        <activity
84-->src/main/AndroidManifest.xml:53:9-145
85            android:name="org.appd.view.MV_Synchronizing"
85-->src/main/AndroidManifest.xml:53:19-64
86            android:configChanges="orientation"
86-->src/main/AndroidManifest.xml:53:98-133
87            android:label="@string/app_name" />
87-->src/main/AndroidManifest.xml:53:65-97
88        <activity
88-->src/main/AndroidManifest.xml:54:9-148
89            android:name="org.appd.view.MV_BPartnerLocation"
89-->src/main/AndroidManifest.xml:54:19-67
90            android:configChanges="orientation"
90-->src/main/AndroidManifest.xml:54:101-136
91            android:label="@string/app_name" />
91-->src/main/AndroidManifest.xml:54:68-100
92        <activity
92-->src/main/AndroidManifest.xml:56:9-153
93            android:name="org.appd.view.MV_BPartnerPlanningVisit"
93-->src/main/AndroidManifest.xml:56:19-72
94            android:configChanges="orientation"
94-->src/main/AndroidManifest.xml:56:106-141
95            android:label="@string/app_name" />
95-->src/main/AndroidManifest.xml:56:73-105
96        <activity
96-->src/main/AndroidManifest.xml:57:9-143
97            android:name="org.appd.view.MT_CustomerRMA"
97-->src/main/AndroidManifest.xml:57:19-62
98            android:configChanges="orientation"
98-->src/main/AndroidManifest.xml:57:96-131
99            android:label="@string/app_name" />
99-->src/main/AndroidManifest.xml:57:63-95
100        <activity
100-->src/main/AndroidManifest.xml:58:9-143
101            android:name="org.appd.view.MV_CustomerRMA"
101-->src/main/AndroidManifest.xml:58:19-62
102            android:configChanges="orientation"
102-->src/main/AndroidManifest.xml:58:96-131
103            android:label="@string/app_name" />
103-->src/main/AndroidManifest.xml:58:63-95
104        <activity
104-->src/main/AndroidManifest.xml:59:9-147
105            android:name="org.appd.view.MV_CustomerRMALine"
105-->src/main/AndroidManifest.xml:59:19-66
106            android:configChanges="orientation"
106-->src/main/AndroidManifest.xml:59:100-135
107            android:label="@string/app_name" />
107-->src/main/AndroidManifest.xml:59:67-99
108        <activity
108-->src/main/AndroidManifest.xml:60:9-144
109            android:name="org.appd.view.MT_VisitAndLine"
109-->src/main/AndroidManifest.xml:60:19-63
110            android:configChanges="orientation"
110-->src/main/AndroidManifest.xml:60:97-132
111            android:label="@string/app_name" />
111-->src/main/AndroidManifest.xml:60:64-96
112        <activity
112-->src/main/AndroidManifest.xml:61:9-144
113            android:name="org.appd.view.MV_VisitAndLine"
113-->src/main/AndroidManifest.xml:61:19-63
114            android:configChanges="orientation"
114-->src/main/AndroidManifest.xml:61:97-132
115            android:label="@string/app_name" />
115-->src/main/AndroidManifest.xml:61:64-96
116        <activity
116-->src/main/AndroidManifest.xml:62:9-144
117            android:name="org.appd.view.MV_AddVisitLine"
117-->src/main/AndroidManifest.xml:62:19-63
118            android:configChanges="orientation"
118-->src/main/AndroidManifest.xml:62:97-132
119            android:label="@string/app_name" />
119-->src/main/AndroidManifest.xml:62:64-96
120        <activity
120-->src/main/AndroidManifest.xml:63:9-144
121            android:name="org.appd.view.MT_AddVisitLine"
121-->src/main/AndroidManifest.xml:63:19-63
122            android:configChanges="orientation"
122-->src/main/AndroidManifest.xml:63:97-132
123            android:label="@string/app_name" />
123-->src/main/AndroidManifest.xml:63:64-96
124        <activity
124-->src/main/AndroidManifest.xml:64:9-147
125            android:name="org.appd.view.MV_CustomerCollect"
125-->src/main/AndroidManifest.xml:64:19-66
126            android:configChanges="orientation"
126-->src/main/AndroidManifest.xml:64:100-135
127            android:label="@string/app_name" />
127-->src/main/AndroidManifest.xml:64:67-99
128        <activity
128-->src/main/AndroidManifest.xml:65:9-70:20
129            android:name="org.appd.view.MV_AddCollect"
129-->src/main/AndroidManifest.xml:66:13-55
130            android:configChanges="orientation"
130-->src/main/AndroidManifest.xml:69:13-48
131            android:label="@string/app_name"
131-->src/main/AndroidManifest.xml:67:13-45
132            android:windowSoftInputMode="adjustPan|adjustResize" >
132-->src/main/AndroidManifest.xml:68:13-65
133        </activity>
134        <activity
134-->src/main/AndroidManifest.xml:71:9-139
135            android:name="org.appd.view.MT_Deposit"
135-->src/main/AndroidManifest.xml:71:19-58
136            android:configChanges="orientation"
136-->src/main/AndroidManifest.xml:71:92-127
137            android:label="@string/app_name" />
137-->src/main/AndroidManifest.xml:71:59-91
138        <activity
138-->src/main/AndroidManifest.xml:72:9-139
139            android:name="org.appd.view.MV_Deposit"
139-->src/main/AndroidManifest.xml:72:19-58
140            android:configChanges="orientation"
140-->src/main/AndroidManifest.xml:72:92-127
141            android:label="@string/app_name" />
141-->src/main/AndroidManifest.xml:72:59-91
142        <activity
142-->src/main/AndroidManifest.xml:73:9-143
143            android:name="org.appd.view.MV_DepositLine"
143-->src/main/AndroidManifest.xml:73:19-62
144            android:configChanges="orientation"
144-->src/main/AndroidManifest.xml:73:96-131
145            android:label="@string/app_name" />
145-->src/main/AndroidManifest.xml:73:63-95
146        <activity
146-->src/main/AndroidManifest.xml:74:9-151
147            android:name="org.appd.view.MV_AddCollectToDeposit"
147-->src/main/AndroidManifest.xml:74:19-70
148            android:configChanges="orientation"
148-->src/main/AndroidManifest.xml:74:104-139
149            android:label="@string/app_name" />
149-->src/main/AndroidManifest.xml:74:71-103
150        <activity
150-->src/main/AndroidManifest.xml:75:9-136
151            android:name="org.appd.view.MT_Cash"
151-->src/main/AndroidManifest.xml:75:19-55
152            android:configChanges="orientation"
152-->src/main/AndroidManifest.xml:75:89-124
153            android:label="@string/app_name" />
153-->src/main/AndroidManifest.xml:75:56-88
154        <activity
154-->src/main/AndroidManifest.xml:76:9-136
155            android:name="org.appd.view.MV_Cash"
155-->src/main/AndroidManifest.xml:76:19-55
156            android:configChanges="orientation"
156-->src/main/AndroidManifest.xml:76:89-124
157            android:label="@string/app_name" />
157-->src/main/AndroidManifest.xml:76:56-88
158        <activity
158-->src/main/AndroidManifest.xml:77:9-140
159            android:name="org.appd.view.MV_CashLine"
159-->src/main/AndroidManifest.xml:77:19-59
160            android:configChanges="orientation"
160-->src/main/AndroidManifest.xml:77:93-128
161            android:label="@string/app_name" />
161-->src/main/AndroidManifest.xml:77:60-92
162        <activity
162-->src/main/AndroidManifest.xml:78:9-145
163            android:name="org.appd.util.HandlerFileShare"
163-->src/main/AndroidManifest.xml:78:19-64
164            android:configChanges="orientation"
164-->src/main/AndroidManifest.xml:78:98-133
165            android:label="@string/app_name" />
165-->src/main/AndroidManifest.xml:78:65-97
166        <activity
166-->src/main/AndroidManifest.xml:79:9-140
167            android:name="org.appd.login.V_Connection"
167-->src/main/AndroidManifest.xml:79:19-61
168            android:configChanges="orientation"
168-->src/main/AndroidManifest.xml:79:93-128
169            android:label="@string/A_Name" />
169-->src/main/AndroidManifest.xml:79:62-92
170    </application>
171
172</manifest>